
> agency@0.1.0 prebuild
> cd work/work_01 && npm install --legacy-peer-deps && npm run build && cd ../work_02 && npm install --legacy-peer-deps && npm run build && cd ../.. && rm -rf public/work_01 public/work_02 && mkdir -p public/work_01 public/work_02 && cp -r work/work_01/out/* public/work_01/ && cp -r work/work_02/out/* public/work_02/


up to date, audited 185 packages in 1s

19 packages are looking for funding
  run `npm fund` for details

1 high severity vulnerability

To address all issues, run:
  npm audit fix --force

Run `npm audit` for details.

> my-v0-project@0.1.0 build
> next build

  ▲ Next.js 14.2.25

   Creating an optimized production build ...
 ✓ Compiled successfully
   Skipping validation of types
   Linting ...
   Collecting page data ...
   Generating static pages (0/4) ...
   Generating static pages (1/4) 
   Generating static pages (2/4) 
   Generating static pages (3/4) 
 ✓ Generating static pages (4/4)
   Finalizing page optimization ...
   Collecting build traces ...

Route (app)                              Size     First Load JS
┌ ○ /                                    18.5 kB         106 kB
└ ○ /_not-found                          875 B          88.2 kB
+ First Load JS shared by all            87.3 kB
  ├ chunks/117-9c10b3d7a574dae0.js       31.7 kB
  ├ chunks/fd9d1056-87da80e0c187477b.js  53.7 kB
  └ other shared chunks (total)          1.95 kB


○  (Static)  prerendered as static content


up to date, audited 926 packages in 1s

96 packages are looking for funding
  run `npm fund` for details

1 high severity vulnerability

To address all issues, run:
  npm audit fix --force

Run `npm audit` for details.

> component-forge@0.0.0 build
> next build

[baseline-browser-mapping] The data in this module is over two months old.  To ensure accurate Baseline data, please update: `npm i baseline-browser-mapping@latest -D`
 ⚠ Warning: Next.js inferred your workspace root, but it may not be correct.
 We detected multiple lockfiles and selected the directory of /Users/biilkim/Desktop/AI/agency/package-lock.json as the root directory.
 To silence this warning, set `turbopack.root` in your Next.js config, or consider removing one of the lockfiles if it's not needed.
   See https://nextjs.org/docs/app/api-reference/config/next-config-js/turbopack#root-directory for more information.
 Detected additional lockfiles: 
   * /Users/biilkim/Desktop/AI/agency/work/work_02/package-lock.json

   ▲ Next.js 16.0.10 (Turbopack)

   Creating an optimized production build ...
[baseline-browser-mapping] The data in this module is over two months old.  To ensure accurate Baseline data, please update: `npm i baseline-browser-mapping@latest -D`
 ✓ Compiled successfully in 1825.2ms
   Skipping validation of types
   Collecting page data using 11 workers ...
[baseline-browser-mapping] The data in this module is over two months old.  To ensure accurate Baseline data, please update: `npm i baseline-browser-mapping@latest -D`
[baseline-browser-mapping] The data in this module is over two months old.  To ensure accurate Baseline data, please update: `npm i baseline-browser-mapping@latest -D`
[baseline-browser-mapping] The data in this module is over two months old.  To ensure accurate Baseline data, please update: `npm i baseline-browser-mapping@latest -D`
   Generating static pages using 11 workers (0/3) ...
[baseline-browser-mapping] The data in this module is over two months old.  To ensure accurate Baseline data, please update: `npm i baseline-browser-mapping@latest -D`
 ✓ Generating static pages using 11 workers (3/3) in 347.0ms
   Finalizing page optimization ...

Route (app)
┌ ○ /
└ ○ /_not-found


○  (Static)  prerendered as static content


> agency@0.1.0 build
> next build

▲ Next.js 16.2.1 (Turbopack)
- Environments: .env.local

  Creating an optimized production build ...
Error: Can't resolve 'tw-animate-css' in '/Users/biilkim/Desktop/AI/agency/src/app'
    [2m[at finishWithoutResolve (/Users/biilkim/Desktop/AI/agency/node_modules/enhanced-resolve/lib/Resolver.js:587:18)][0m
    [2m[at /Users/biilkim/Desktop/AI/agency/node_modules/enhanced-resolve/lib/Resolver.js:679:14][0m
    [2m[at /Users/biilkim/Desktop/AI/agency/node_modules/enhanced-resolve/lib/Resolver.js:740:5][0m
    [2m[at eval (eval at create (/Users/biilkim/Desktop/AI/agency/node_modules/tapable/lib/HookCodeFactory.js:31:10), <anonymous>:15:1)][0m
    [2m[at /Users/biilkim/Desktop/AI/agency/node_modules/enhanced-resolve/lib/Resolver.js:740:5][0m
    [2m[at eval (eval at create (/Users/biilkim/Desktop/AI/agency/node_modules/tapable/lib/HookCodeFactory.js:31:10), <anonymous>:27:1)][0m
    [2m[at /Users/biilkim/Desktop/AI/agency/node_modules/enhanced-resolve/lib/DescriptionFilePlugin.js:89:43][0m
    [2m[at /Users/biilkim/Desktop/AI/agency/node_modules/enhanced-resolve/lib/Resolver.js:740:5][0m
    [2m[at eval (eval at create (/Users/biilkim/Desktop/AI/agency/node_modules/tapable/lib/HookCodeFactory.js:31:10), <anonymous>:15:1)][0m
    [2m[at /Users/biilkim/Desktop/AI/agency/node_modules/enhanced-resolve/lib/Resolver.js:740:5][0m {
  details: "resolve 'tw-animate-css' in '/Users/biilkim/Desktop/AI/agency/src/app'\n" +
    '  Parsed request is a module\n' +
    '  using description file: /Users/biilkim/Desktop/AI/agency/package.json (relative path: ./src/app)\n' +
    '    resolve as module\n' +
    "      /Users/biilkim/Desktop/AI/agency/src/app/node_modules doesn't exist or is not a directory\n" +
    "      /Users/biilkim/Desktop/AI/agency/src/node_modules doesn't exist or is not a directory\n" +
    '      looking for modules in /Users/biilkim/Desktop/AI/agency/node_modules\n' +
    '        single file module\n' +
    '          using description file: /Users/biilkim/Desktop/AI/agency/package.json (relative path: ./node_modules/tw-animate-css)\n' +
    '            no extension\n' +
    "              /Users/biilkim/Desktop/AI/agency/node_modules/tw-animate-css doesn't exist\n" +
    '            .css\n' +
    "              /Users/biilkim/Desktop/AI/agency/node_modules/tw-animate-css.css doesn't exist\n" +
    "        /Users/biilkim/Desktop/AI/agency/node_modules/tw-animate-css doesn't exist\n" +
    "      /Users/biilkim/Desktop/AI/node_modules doesn't exist or is not a directory\n" +
    "      /Users/biilkim/Desktop/node_modules doesn't exist or is not a directory\n" +
    "      /Users/biilkim/node_modules doesn't exist or is not a directory\n" +
    "      /Users/node_modules doesn't exist or is not a directory\n" +
    "      /node_modules doesn't exist or is not a directory"
}

> Build error occurred
Error: Turbopack build failed with 7 errors:
./src/app/globals.css
Error evaluating Node.js code
CssSyntaxError: tailwindcss: /Users/biilkim/Desktop/AI/agency/src/app/globals.css:1:1: Can't resolve 'tw-animate-css' in '/Users/biilkim/Desktop/AI/agency/src/app'
    at Input.error (node_modules/postcss/lib/input.js:135:16) [/Users/biilkim/Desktop/AI/agency/.next/build/chunks/node_modules_13sb.px._.js:4651:22]
    at error (node_modules/postcss/lib/node.js:146:32) [/Users/biilkim/Desktop/AI/agency/.next/build/chunks/node_modules_13sb.px._.js:928:38]
    [at Object.Once (/Users/biilkim/Desktop/AI/agency/node_modules/@tailwindcss/postcss/dist/index.js:10:6913)]
    [at process.processTicksAndRejections (node:internal/process/task_queues:104:5)]
    at async LazyResult.runAsync (node_modules/postcss/lib/lazy-result.js:293:11) [/Users/biilkim/Desktop/AI/agency/.next/build/chunks/node_modules_13sb.px._.js:6214:21]
    at async transform (turbopack:///[turbopack-node]/transforms/postcss.ts:70:34) [/Users/biilkim/Desktop/AI/agency/.next/build/chunks/[root-of-the-server]__0d-m0h0._.js:146:36]
    at async run (turbopack:///[turbopack-node]/child_process/evaluate.ts:89:23) [/Users/biilkim/Desktop/AI/agency/.next/build/chunks/[root-of-the-server]__0ubbtyl._.js:443:31]

Import trace:
  Client Component Browser:
    ./src/app/globals.css [Client Component Browser]
    ./src/app/layout.tsx [Server Component]


./src/components/work_02/Footer.tsx:2:1
Export Github doesn't exist in target module
  [90m1 |[0m ...
[31m[1m>[0m [90m2 |[0m ...[33mhub[0m, [33mTwitter[0m, [33mLinkedin[0m, [33mMail[0m } [36mfrom[0m [32m"l...[0m
  [90m  |[0m    [31m[1m^^^^^^^^^^^^^^^^^^^^^^^^^^^^^^^^^^^^^^^^^[0m
  [90m3 |[0m ...ion } [36mfrom[0m [32m"framer-motion"[0m
  [90m4 |[0m ...
  [90m5 |[0m ...[33mink[0m = {

The export Github was not found in module [project]/node_modules/lucide-react/dist/esm/lucide-react.js [app-client] (ecmascript).
Did you mean to import Gift?
All exports of the module are statically known (It doesn't have dynamic exports). So it's known statically that the requested export doesn't exist.

Import traces:
  Client Component Browser:
    ./src/components/work_02/Footer.tsx [Client Component Browser]
    ./src/components/Work02Preview.tsx [Client Component Browser]
    ./src/app/page.tsx [Client Component Browser]
    ./src/app/page.tsx [Server Component]

  Client Component SSR:
    ./src/components/work_02/Footer.tsx [Client Component SSR]
    ./src/components/Work02Preview.tsx [Client Component SSR]
    ./src/app/page.tsx [Client Component SSR]
    ./src/app/page.tsx [Server Component]


./src/components/work_02/Footer.tsx:2:1
Export Github doesn't exist in target module
  [90m1 |[0m ...
[31m[1m>[0m [90m2 |[0m ...[33mhub[0m, [33mTwitter[0m, [33mLinkedin[0m, [33mMail[0m } [36mfrom[0m [32m"l...[0m
  [90m  |[0m    [31m[1m^^^^^^^^^^^^^^^^^^^^^^^^^^^^^^^^^^^^^^^^^[0m
  [90m3 |[0m ...ion } [36mfrom[0m [32m"framer-motion"[0m
  [90m4 |[0m ...
  [90m5 |[0m ...[33mink[0m = {

The export Github was not found in module [project]/node_modules/lucide-react/dist/esm/lucide-react.js [app-ssr] (ecmascript).
Did you mean to import Gift?
All exports of the module are statically known (It doesn't have dynamic exports). So it's known statically that the requested export doesn't exist.

Import traces:
  Client Component Browser:
    ./src/components/work_02/Footer.tsx [Client Component Browser]
    ./src/components/Work02Preview.tsx [Client Component Browser]
    ./src/app/page.tsx [Client Component Browser]
    ./src/app/page.tsx [Server Component]

  Client Component SSR:
    ./src/components/work_02/Footer.tsx [Client Component SSR]
    ./src/components/Work02Preview.tsx [Client Component SSR]
    ./src/app/page.tsx [Client Component SSR]
    ./src/app/page.tsx [Server Component]


./src/components/work_02/Footer.tsx:2:1
Export Linkedin doesn't exist in target module
  [90m1 |[0m ...
[31m[1m>[0m [90m2 |[0m ...[33mhub[0m, [33mTwitter[0m, [33mLinkedin[0m, [33mMail[0m } [36mfrom[0m [32m"l...[0m
  [90m  |[0m    [31m[1m^^^^^^^^^^^^^^^^^^^^^^^^^^^^^^^^^^^^^^^^^[0m
  [90m3 |[0m ...ion } [36mfrom[0m [32m"framer-motion"[0m
  [90m4 |[0m ...
  [90m5 |[0m ...[33mink[0m = {

The export Linkedin was not found in module [project]/node_modules/lucide-react/dist/esm/lucide-react.js [app-client] (ecmascript).
Did you mean to import Link?
All exports of the module are statically known (It doesn't have dynamic exports). So it's known statically that the requested export doesn't exist.

Import traces:
  Client Component Browser:
    ./src/components/work_02/Footer.tsx [Client Component Browser]
    ./src/components/Work02Preview.tsx [Client Component Browser]
    ./src/app/page.tsx [Client Component Browser]
    ./src/app/page.tsx [Server Component]

  Client Component SSR:
    ./src/components/work_02/Footer.tsx [Client Component SSR]
    ./src/components/Work02Preview.tsx [Client Component SSR]
    ./src/app/page.tsx [Client Component SSR]
    ./src/app/page.tsx [Server Component]


./src/components/work_02/Footer.tsx:2:1
Export Linkedin doesn't exist in target module
  [90m1 |[0m ...
[31m[1m>[0m [90m2 |[0m ...[33mhub[0m, [33mTwitter[0m, [33mLinkedin[0m, [33mMail[0m } [36mfrom[0m [32m"l...[0m
  [90m  |[0m    [31m[1m^^^^^^^^^^^^^^^^^^^^^^^^^^^^^^^^^^^^^^^^^[0m
  [90m3 |[0m ...ion } [36mfrom[0m [32m"framer-motion"[0m
  [90m4 |[0m ...
  [90m5 |[0m ...[33mink[0m = {

The export Linkedin was not found in module [project]/node_modules/lucide-react/dist/esm/lucide-react.js [app-ssr] (ecmascript).
Did you mean to import Link?
All exports of the module are statically known (It doesn't have dynamic exports). So it's known statically that the requested export doesn't exist.

Import traces:
  Client Component Browser:
    ./src/components/work_02/Footer.tsx [Client Component Browser]
    ./src/components/Work02Preview.tsx [Client Component Browser]
    ./src/app/page.tsx [Client Component Browser]
    ./src/app/page.tsx [Server Component]

  Client Component SSR:
    ./src/components/work_02/Footer.tsx [Client Component SSR]
    ./src/components/Work02Preview.tsx [Client Component SSR]
    ./src/app/page.tsx [Client Component SSR]
    ./src/app/page.tsx [Server Component]


./src/components/work_02/Footer.tsx:2:1
Export Twitter doesn't exist in target module
  [90m1 |[0m ...
[31m[1m>[0m [90m2 |[0m ...[33mhub[0m, [33mTwitter[0m, [33mLinkedin[0m, [33mMail[0m } [36mfrom[0m [32m"l...[0m
  [90m  |[0m    [31m[1m^^^^^^^^^^^^^^^^^^^^^^^^^^^^^^^^^^^^^^^^^[0m
  [90m3 |[0m ...ion } [36mfrom[0m [32m"framer-motion"[0m
  [90m4 |[0m ...
  [90m5 |[0m ...[33mink[0m = {

The export Twitter was not found in module [project]/node_modules/lucide-react/dist/esm/lucide-react.js [app-client] (ecmascript).
Did you mean to import Timer?
All exports of the module are statically known (It doesn't have dynamic exports). So it's known statically that the requested export doesn't exist.

Import traces:
  Client Component Browser:
    ./src/components/work_02/Footer.tsx [Client Component Browser]
    ./src/components/Work02Preview.tsx [Client Component Browser]
    ./src/app/page.tsx [Client Component Browser]
    ./src/app/page.tsx [Server Component]

  Client Component SSR:
    ./src/components/work_02/Footer.tsx [Client Component SSR]
    ./src/components/Work02Preview.tsx [Client Component SSR]
    ./src/app/page.tsx [Client Component SSR]
    ./src/app/page.tsx [Server Component]


./src/components/work_02/Footer.tsx:2:1
Export Twitter doesn't exist in target module
  [90m1 |[0m ...
[31m[1m>[0m [90m2 |[0m ...[33mhub[0m, [33mTwitter[0m, [33mLinkedin[0m, [33mMail[0m } [36mfrom[0m [32m"l...[0m
  [90m  |[0m    [31m[1m^^^^^^^^^^^^^^^^^^^^^^^^^^^^^^^^^^^^^^^^^[0m
  [90m3 |[0m ...ion } [36mfrom[0m [32m"framer-motion"[0m
  [90m4 |[0m ...
  [90m5 |[0m ...[33mink[0m = {

The export Twitter was not found in module [project]/node_modules/lucide-react/dist/esm/lucide-react.js [app-ssr] (ecmascript).
Did you mean to import Timer?
All exports of the module are statically known (It doesn't have dynamic exports). So it's known statically that the requested export doesn't exist.

Import traces:
  Client Component Browser:
    ./src/components/work_02/Footer.tsx [Client Component Browser]
    ./src/components/Work02Preview.tsx [Client Component Browser]
    ./src/app/page.tsx [Client Component Browser]
    ./src/app/page.tsx [Server Component]

  Client Component SSR:
    ./src/components/work_02/Footer.tsx [Client Component SSR]
    ./src/components/Work02Preview.tsx [Client Component SSR]
    ./src/app/page.tsx [Client Component SSR]
    ./src/app/page.tsx [Server Component]


    at async transform (turbopack:///[turbopack-node]/transforms/postcss.ts:70:34) [/Users/biilkim/Desktop/AI/agency/.next/build/chunks/[root-of-the-server]__0d-m0h0._.js:146:36])
    at async run (turbopack:///[turbopack-node]/child_process/evaluate.ts:89:23) [/Users/biilkim/Desktop/AI/agency/.next/build/chunks/[root-of-the-server]__0ubbtyl._.js:443:31])
    at <unknown> (./src/components/work_02/Footer.tsx:2:1)
    at <unknown> (./src/components/work_02/Footer.tsx:2:1)
    at <unknown> (./src/components/work_02/Footer.tsx:2:1)
    at <unknown> (./src/components/work_02/Footer.tsx:2:1)
    at <unknown> (./src/components/work_02/Footer.tsx:2:1)
    at <unknown> (./src/components/work_02/Footer.tsx:2:1)
